{"numTotalTestSuites":10,"numPassedTestSuites":2,"numFailedTestSuites":8,"numPendingTestSuites":0,"numTotalTests":44,"numPassedTests":18,"numFailedTests":26,"numPendingTests":0,"numTodoTests":0,"snapshot":{"added":0,"failure":false,"filesAdded":0,"filesRemoved":0,"filesRemovedList":[],"filesUnmatched":0,"filesUpdated":0,"matched":0,"total":0,"unchecked":0,"uncheckedKeysByFile":[],"unmatched":0,"updated":0,"didUpdate":false},"startTime":1752430451696,"success":false,"testResults":[{"assertionResults":[{"ancestorTitles":["Authentication E2E Tests"],"fullName":"Authentication E2E Tests should navigate to login page","status":"failed","title":"should navigate to login page","duration":3202.8397080000004,"failureMessages":["Error: ENOENT: no such file or directory, open 'screenshots/login-page-2025-07-13T18-14-16-995Z.png'\n    at open (node:internal/fs/promises:639:25)\n    at Object.writeFile (node:internal/fs/promises:1213:14)\n    at CdpPage._maybeWriteTypedArrayToFile (file:///Users/saninabil/WebstormProjects/sabron-trip-sync/node_modules/puppeteer-core/src/api/Page.ts:2387:5)\n    at CdpPage.screenshot (file:///Users/saninabil/WebstormProjects/sabron-trip-sync/node_modules/puppeteer-core/src/api/Page.ts:2686:5)\n    at CdpPage.<anonymous> (file:///Users/saninabil/WebstormProjects/sabron-trip-sync/node_modules/puppeteer-core/src/util/decorators.ts:139:14)\n    at Function.takeScreenshot (/Users/saninabil/WebstormProjects/sabron-trip-sync/apps/web/src/test/puppeteer/utils/test-helpers.ts:52:5)\n    at /Users/saninabil/WebstormProjects/sabron-trip-sync/apps/web/src/test/puppeteer/tests/authentication.test.ts:45:5\n    at file:///Users/saninabil/WebstormProjects/sabron-trip-sync/node_modules/@vitest/runner/dist/index.js:533:5\n    at runTest (file:///Users/saninabil/WebstormProjects/sabron-trip-sync/node_modules/@vitest/runner/dist/index.js:1056:11)\n    at runSuite (file:///Users/saninabil/WebstormProjects/sabron-trip-sync/node_modules/@vitest/runner/dist/index.js:1205:15)"],"meta":{}},{"ancestorTitles":["Authentication E2E Tests"],"fullName":"Authentication E2E Tests should display login form with required fields","status":"passed","title":"should display login form with required fields","duration":3092.469459,"failureMessages":[],"meta":{}},{"ancestorTitles":["Authentication E2E Tests"],"fullName":"Authentication E2E Tests should validate required fields","status":"failed","title":"should validate required fields","duration":967.9807500000006,"failureMessages":["TypeError: page.waitForTimeout is not a function\n    at /Users/saninabil/WebstormProjects/sabron-trip-sync/apps/web/src/test/puppeteer/tests/authentication.test.ts:79:18\n    at file:///Users/saninabil/WebstormProjects/sabron-trip-sync/node_modules/@vitest/runner/dist/index.js:533:5\n    at runTest (file:///Users/saninabil/WebstormProjects/sabron-trip-sync/node_modules/@vitest/runner/dist/index.js:1056:11)\n    at runSuite (file:///Users/saninabil/WebstormProjects/sabron-trip-sync/node_modules/@vitest/runner/dist/index.js:1205:15)\n    at runSuite (file:///Users/saninabil/WebstormProjects/sabron-trip-sync/node_modules/@vitest/runner/dist/index.js:1205:15)\n    at runFiles (file:///Users/saninabil/WebstormProjects/sabron-trip-sync/node_modules/@vitest/runner/dist/index.js:1262:5)\n    at startTests (file:///Users/saninabil/WebstormProjects/sabron-trip-sync/node_modules/@vitest/runner/dist/index.js:1271:3)\n    at file:///Users/saninabil/WebstormProjects/sabron-trip-sync/node_modules/vitest/dist/chunks/runBaseTests.3qpJUEJM.js:126:11\n    at withEnv (file:///Users/saninabil/WebstormProjects/sabron-trip-sync/node_modules/vitest/dist/chunks/runBaseTests.3qpJUEJM.js:90:5)\n    at run (file:///Users/saninabil/WebstormProjects/sabron-trip-sync/node_modules/vitest/dist/chunks/runBaseTests.3qpJUEJM.js:112:3)"],"meta":{}},{"ancestorTitles":["Authentication E2E Tests"],"fullName":"Authentication E2E Tests should handle invalid login credentials","status":"failed","title":"should handle invalid login credentials","duration":555.7921659999993,"failureMessages":["TypeError: page.waitForTimeout is not a function\n    at /Users/saninabil/WebstormProjects/sabron-trip-sync/apps/web/src/test/puppeteer/tests/authentication.test.ts:109:20\n    at file:///Users/saninabil/WebstormProjects/sabron-trip-sync/node_modules/@vitest/runner/dist/index.js:533:5\n    at runTest (file:///Users/saninabil/WebstormProjects/sabron-trip-sync/node_modules/@vitest/runner/dist/index.js:1056:11)\n    at runSuite (file:///Users/saninabil/WebstormProjects/sabron-trip-sync/node_modules/@vitest/runner/dist/index.js:1205:15)\n    at runSuite (file:///Users/saninabil/WebstormProjects/sabron-trip-sync/node_modules/@vitest/runner/dist/index.js:1205:15)\n    at runFiles (file:///Users/saninabil/WebstormProjects/sabron-trip-sync/node_modules/@vitest/runner/dist/index.js:1262:5)\n    at startTests (file:///Users/saninabil/WebstormProjects/sabron-trip-sync/node_modules/@vitest/runner/dist/index.js:1271:3)\n    at file:///Users/saninabil/WebstormProjects/sabron-trip-sync/node_modules/vitest/dist/chunks/runBaseTests.3qpJUEJM.js:126:11\n    at withEnv (file:///Users/saninabil/WebstormProjects/sabron-trip-sync/node_modules/vitest/dist/chunks/runBaseTests.3qpJUEJM.js:90:5)\n    at run (file:///Users/saninabil/WebstormProjects/sabron-trip-sync/node_modules/vitest/dist/chunks/runBaseTests.3qpJUEJM.js:112:3)"],"meta":{}},{"ancestorTitles":["Authentication E2E Tests"],"fullName":"Authentication E2E Tests should navigate to signup page","status":"failed","title":"should navigate to signup page","duration":31144.365207999996,"failureMessages":["TimeoutError: Navigation timeout of 30000 ms exceeded\n    at new Deferred (file:///Users/saninabil/WebstormProjects/sabron-trip-sync/node_modules/puppeteer-core/src/util/Deferred.ts:74:28)\n    at Function.create (file:///Users/saninabil/WebstormProjects/sabron-trip-sync/node_modules/puppeteer-core/src/util/Deferred.ts:29:12)\n    at new LifecycleWatcher (file:///Users/saninabil/WebstormProjects/sabron-trip-sync/node_modules/puppeteer-core/src/cdp/LifecycleWatcher.ts:148:42)\n    at CdpFrame.waitForNavigation (file:///Users/saninabil/WebstormProjects/sabron-trip-sync/node_modules/puppeteer-core/src/cdp/Frame.ts:233:21)\n    at CdpFrame.<anonymous> (file:///Users/saninabil/WebstormProjects/sabron-trip-sync/node_modules/puppeteer-core/src/util/decorators.ts:63:21)\n    at CdpPage.waitForNavigation (file:///Users/saninabil/WebstormProjects/sabron-trip-sync/node_modules/puppeteer-core/src/api/Page.ts:1775:35)\n    at /Users/saninabil/WebstormProjects/sabron-trip-sync/apps/web/src/test/puppeteer/tests/authentication.test.ts:133:18\n    at file:///Users/saninabil/WebstormProjects/sabron-trip-sync/node_modules/@vitest/runner/dist/index.js:533:5\n    at runTest (file:///Users/saninabil/WebstormProjects/sabron-trip-sync/node_modules/@vitest/runner/dist/index.js:1056:11)\n    at runSuite (file:///Users/saninabil/WebstormProjects/sabron-trip-sync/node_modules/@vitest/runner/dist/index.js:1205:15)"],"meta":{}},{"ancestorTitles":["Authentication E2E Tests"],"fullName":"Authentication E2E Tests should handle OAuth login options","status":"failed","title":"should handle OAuth login options","duration":502.1792079999941,"failureMessages":["DOMException: SyntaxError: Failed to execute 'querySelector' on 'Document': 'button:contains(\"Google\"), a:contains(\"Google\")' is not a valid selector.\n    at evaluateHandle (evaluateHandle at CSSQueryHandler.queryOne (file:///Users/saninabil/WebstormProjects/sabron-trip-sync/node_modules/puppeteer-core/lib/esm/puppeteer/common/QueryHandler.js:134:73), <anonymous>:1:15)\n    at ExecutionContext.#evaluate (file:///Users/saninabil/WebstormProjects/sabron-trip-sync/node_modules/puppeteer-core/src/cdp/ExecutionContext.ts:452:13)\n    at ExecutionContext.evaluateHandle (file:///Users/saninabil/WebstormProjects/sabron-trip-sync/node_modules/puppeteer-core/src/cdp/ExecutionContext.ts:350:12)\n    at IsolatedWorld.evaluateHandle (file:///Users/saninabil/WebstormProjects/sabron-trip-sync/node_modules/puppeteer-core/src/cdp/IsolatedWorld.ts:175:12)\n    at CdpJSHandle.evaluateHandle (file:///Users/saninabil/WebstormProjects/sabron-trip-sync/node_modules/puppeteer-core/src/api/JSHandle.ts:94:12)\n    at CdpElementHandle.evaluateHandle (file:///Users/saninabil/WebstormProjects/sabron-trip-sync/node_modules/puppeteer-core/src/api/ElementHandle.ts:305:12)\n    at Function.queryOne (file:///Users/saninabil/WebstormProjects/sabron-trip-sync/node_modules/puppeteer-core/src/common/QueryHandler.ts:127:20)\n    at CdpElementHandle.$ (file:///Users/saninabil/WebstormProjects/sabron-trip-sync/node_modules/puppeteer-core/src/api/ElementHandle.ts:378:13)\n    at CdpElementHandle.<anonymous> (file:///Users/saninabil/WebstormProjects/sabron-trip-sync/node_modules/puppeteer-core/src/api/ElementHandle.ts:139:20)\n    at CdpFrame.$ (file:///Users/saninabil/WebstormProjects/sabron-trip-sync/node_modules/puppeteer-core/src/api/Frame.ts:564:12)"],"meta":{}},{"ancestorTitles":["Authentication E2E Tests"],"fullName":"Authentication E2E Tests should handle password reset flow","status":"failed","title":"should handle password reset flow","duration":30467.459125,"failureMessages":["TimeoutError: Navigation timeout of 30000 ms exceeded\n    at new Deferred (file:///Users/saninabil/WebstormProjects/sabron-trip-sync/node_modules/puppeteer-core/src/util/Deferred.ts:74:28)\n    at Function.create (file:///Users/saninabil/WebstormProjects/sabron-trip-sync/node_modules/puppeteer-core/src/util/Deferred.ts:29:12)\n    at new LifecycleWatcher (file:///Users/saninabil/WebstormProjects/sabron-trip-sync/node_modules/puppeteer-core/src/cdp/LifecycleWatcher.ts:148:42)\n    at CdpFrame.waitForNavigation (file:///Users/saninabil/WebstormProjects/sabron-trip-sync/node_modules/puppeteer-core/src/cdp/Frame.ts:233:21)\n    at CdpFrame.<anonymous> (file:///Users/saninabil/WebstormProjects/sabron-trip-sync/node_modules/puppeteer-core/src/util/decorators.ts:63:21)\n    at CdpPage.waitForNavigation (file:///Users/saninabil/WebstormProjects/sabron-trip-sync/node_modules/puppeteer-core/src/api/Page.ts:1775:35)\n    at /Users/saninabil/WebstormProjects/sabron-trip-sync/apps/web/src/test/puppeteer/tests/authentication.test.ts:185:18\n    at file:///Users/saninabil/WebstormProjects/sabron-trip-sync/node_modules/@vitest/runner/dist/index.js:533:5\n    at runTest (file:///Users/saninabil/WebstormProjects/sabron-trip-sync/node_modules/@vitest/runner/dist/index.js:1056:11)\n    at runSuite (file:///Users/saninabil/WebstormProjects/sabron-trip-sync/node_modules/@vitest/runner/dist/index.js:1205:15)"],"meta":{}},{"ancestorTitles":["Authentication E2E Tests"],"fullName":"Authentication E2E Tests should maintain session state","status":"passed","title":"should maintain session state","duration":452.84320799999114,"failureMessages":[],"meta":{}},{"ancestorTitles":["Authentication E2E Tests"],"fullName":"Authentication E2E Tests should redirect after successful login","status":"passed","title":"should redirect after successful login","duration":383.3625830000092,"failureMessages":[],"meta":{}},{"ancestorTitles":["Authentication E2E Tests"],"fullName":"Authentication E2E Tests should handle concurrent login attempts","status":"failed","title":"should handle concurrent login attempts","duration":512.1745419999934,"failureMessages":["TypeError: page.waitForTimeout is not a function\n    at /Users/saninabil/WebstormProjects/sabron-trip-sync/apps/web/src/test/puppeteer/tests/authentication.test.ts:244:18\n    at file:///Users/saninabil/WebstormProjects/sabron-trip-sync/node_modules/@vitest/runner/dist/index.js:533:5\n    at runTest (file:///Users/saninabil/WebstormProjects/sabron-trip-sync/node_modules/@vitest/runner/dist/index.js:1056:11)\n    at runSuite (file:///Users/saninabil/WebstormProjects/sabron-trip-sync/node_modules/@vitest/runner/dist/index.js:1205:15)\n    at runSuite (file:///Users/saninabil/WebstormProjects/sabron-trip-sync/node_modules/@vitest/runner/dist/index.js:1205:15)\n    at runFiles (file:///Users/saninabil/WebstormProjects/sabron-trip-sync/node_modules/@vitest/runner/dist/index.js:1262:5)\n    at startTests (file:///Users/saninabil/WebstormProjects/sabron-trip-sync/node_modules/@vitest/runner/dist/index.js:1271:3)\n    at file:///Users/saninabil/WebstormProjects/sabron-trip-sync/node_modules/vitest/dist/chunks/runBaseTests.3qpJUEJM.js:126:11\n    at withEnv (file:///Users/saninabil/WebstormProjects/sabron-trip-sync/node_modules/vitest/dist/chunks/runBaseTests.3qpJUEJM.js:90:5)\n    at run (file:///Users/saninabil/WebstormProjects/sabron-trip-sync/node_modules/vitest/dist/chunks/runBaseTests.3qpJUEJM.js:112:3)"],"meta":{}},{"ancestorTitles":["Authentication E2E Tests"],"fullName":"Authentication E2E Tests should work with keyboard navigation","status":"failed","title":"should work with keyboard navigation","duration":485.8617079999967,"failureMessages":["AssertionError: expected false to be true // Object.is equality\n    at /Users/saninabil/WebstormProjects/sabron-trip-sync/apps/web/src/test/puppeteer/tests/authentication.test.ts:274:28\n    at file:///Users/saninabil/WebstormProjects/sabron-trip-sync/node_modules/@vitest/runner/dist/index.js:533:5\n    at runTest (file:///Users/saninabil/WebstormProjects/sabron-trip-sync/node_modules/@vitest/runner/dist/index.js:1056:11)\n    at runSuite (file:///Users/saninabil/WebstormProjects/sabron-trip-sync/node_modules/@vitest/runner/dist/index.js:1205:15)\n    at runSuite (file:///Users/saninabil/WebstormProjects/sabron-trip-sync/node_modules/@vitest/runner/dist/index.js:1205:15)\n    at runFiles (file:///Users/saninabil/WebstormProjects/sabron-trip-sync/node_modules/@vitest/runner/dist/index.js:1262:5)\n    at startTests (file:///Users/saninabil/WebstormProjects/sabron-trip-sync/node_modules/@vitest/runner/dist/index.js:1271:3)\n    at file:///Users/saninabil/WebstormProjects/sabron-trip-sync/node_modules/vitest/dist/chunks/runBaseTests.3qpJUEJM.js:126:11\n    at withEnv (file:///Users/saninabil/WebstormProjects/sabron-trip-sync/node_modules/vitest/dist/chunks/runBaseTests.3qpJUEJM.js:90:5)\n    at run (file:///Users/saninabil/WebstormProjects/sabron-trip-sync/node_modules/vitest/dist/chunks/runBaseTests.3qpJUEJM.js:112:3)"],"meta":{}},{"ancestorTitles":["Authentication E2E Tests"],"fullName":"Authentication E2E Tests should be responsive on mobile devices","status":"failed","title":"should be responsive on mobile devices","duration":334.239625000002,"failureMessages":["TypeError: page.isVisible is not a function\n    at /Users/saninabil/WebstormProjects/sabron-trip-sync/apps/web/src/test/puppeteer/tests/authentication.test.ts:286:36\n    at file:///Users/saninabil/WebstormProjects/sabron-trip-sync/node_modules/@vitest/runner/dist/index.js:533:5\n    at runTest (file:///Users/saninabil/WebstormProjects/sabron-trip-sync/node_modules/@vitest/runner/dist/index.js:1056:11)\n    at runSuite (file:///Users/saninabil/WebstormProjects/sabron-trip-sync/node_modules/@vitest/runner/dist/index.js:1205:15)\n    at runSuite (file:///Users/saninabil/WebstormProjects/sabron-trip-sync/node_modules/@vitest/runner/dist/index.js:1205:15)\n    at runFiles (file:///Users/saninabil/WebstormProjects/sabron-trip-sync/node_modules/@vitest/runner/dist/index.js:1262:5)\n    at startTests (file:///Users/saninabil/WebstormProjects/sabron-trip-sync/node_modules/@vitest/runner/dist/index.js:1271:3)\n    at file:///Users/saninabil/WebstormProjects/sabron-trip-sync/node_modules/vitest/dist/chunks/runBaseTests.3qpJUEJM.js:126:11\n    at withEnv (file:///Users/saninabil/WebstormProjects/sabron-trip-sync/node_modules/vitest/dist/chunks/runBaseTests.3qpJUEJM.js:90:5)\n    at run (file:///Users/saninabil/WebstormProjects/sabron-trip-sync/node_modules/vitest/dist/chunks/runBaseTests.3qpJUEJM.js:112:3)"],"meta":{}}],"startTime":1752430454046,"endTime":1752430526149.2397,"status":"failed","message":"","name":"/Users/saninabil/WebstormProjects/sabron-trip-sync/apps/web/src/test/puppeteer/tests/authentication.test.ts"},{"assertionResults":[{"ancestorTitles":["Basic Puppeteer Test"],"fullName":"Basic Puppeteer Test should launch browser and create page","status":"passed","title":"should launch browser and create page","duration":456.16879199999994,"failureMessages":[],"meta":{}},{"ancestorTitles":["Basic Puppeteer Test"],"fullName":"Basic Puppeteer Test should navigate to application homepage","status":"failed","title":"should navigate to application homepage","duration":5757.785875000001,"failureMessages":["AssertionError: expected 'http://localhost:3001/home' to be 'http://localhost:3001/' // Object.is equality\n    at /Users/saninabil/WebstormProjects/sabron-trip-sync/apps/web/src/test/puppeteer/tests/basic.test.ts:48:17\n    at file:///Users/saninabil/WebstormProjects/sabron-trip-sync/node_modules/@vitest/runner/dist/index.js:533:5\n    at runTest (file:///Users/saninabil/WebstormProjects/sabron-trip-sync/node_modules/@vitest/runner/dist/index.js:1056:11)\n    at runSuite (file:///Users/saninabil/WebstormProjects/sabron-trip-sync/node_modules/@vitest/runner/dist/index.js:1205:15)\n    at runSuite (file:///Users/saninabil/WebstormProjects/sabron-trip-sync/node_modules/@vitest/runner/dist/index.js:1205:15)\n    at runFiles (file:///Users/saninabil/WebstormProjects/sabron-trip-sync/node_modules/@vitest/runner/dist/index.js:1262:5)\n    at startTests (file:///Users/saninabil/WebstormProjects/sabron-trip-sync/node_modules/@vitest/runner/dist/index.js:1271:3)\n    at file:///Users/saninabil/WebstormProjects/sabron-trip-sync/node_modules/vitest/dist/chunks/runBaseTests.3qpJUEJM.js:126:11\n    at withEnv (file:///Users/saninabil/WebstormProjects/sabron-trip-sync/node_modules/vitest/dist/chunks/runBaseTests.3qpJUEJM.js:90:5)\n    at run (file:///Users/saninabil/WebstormProjects/sabron-trip-sync/node_modules/vitest/dist/chunks/runBaseTests.3qpJUEJM.js:112:3)"],"meta":{}},{"ancestorTitles":["Basic Puppeteer Test"],"fullName":"Basic Puppeteer Test should find page content","status":"failed","title":"should find page content","duration":30108.726333,"failureMessages":["TimeoutError: Navigation timeout of 30000 ms exceeded\n    at new Deferred (file:///Users/saninabil/WebstormProjects/sabron-trip-sync/node_modules/puppeteer-core/src/util/Deferred.ts:74:28)\n    at Function.create (file:///Users/saninabil/WebstormProjects/sabron-trip-sync/node_modules/puppeteer-core/src/util/Deferred.ts:29:12)\n    at new LifecycleWatcher (file:///Users/saninabil/WebstormProjects/sabron-trip-sync/node_modules/puppeteer-core/src/cdp/LifecycleWatcher.ts:148:42)\n    at CdpFrame.goto (file:///Users/saninabil/WebstormProjects/sabron-trip-sync/node_modules/puppeteer-core/src/cdp/Frame.ts:160:21)\n    at CdpFrame.<anonymous> (file:///Users/saninabil/WebstormProjects/sabron-trip-sync/node_modules/puppeteer-core/src/util/decorators.ts:63:21)\n    at CdpPage.goto (file:///Users/saninabil/WebstormProjects/sabron-trip-sync/node_modules/puppeteer-core/src/api/Page.ts:1731:35)\n    at /Users/saninabil/WebstormProjects/sabron-trip-sync/apps/web/src/test/puppeteer/tests/basic.test.ts:53:16\n    at file:///Users/saninabil/WebstormProjects/sabron-trip-sync/node_modules/@vitest/runner/dist/index.js:146:14\n    at file:///Users/saninabil/WebstormProjects/sabron-trip-sync/node_modules/@vitest/runner/dist/index.js:533:11\n    at runWithTimeout (file:///Users/saninabil/WebstormProjects/sabron-trip-sync/node_modules/@vitest/runner/dist/index.js:39:7)"],"meta":{}},{"ancestorTitles":["Basic Puppeteer Test"],"fullName":"Basic Puppeteer Test should handle basic interaction","status":"failed","title":"should handle basic interaction","duration":30120.968500000003,"failureMessages":["TimeoutError: Navigation timeout of 30000 ms exceeded\n    at new Deferred (file:///Users/saninabil/WebstormProjects/sabron-trip-sync/node_modules/puppeteer-core/src/util/Deferred.ts:74:28)\n    at Function.create (file:///Users/saninabil/WebstormProjects/sabron-trip-sync/node_modules/puppeteer-core/src/util/Deferred.ts:29:12)\n    at new LifecycleWatcher (file:///Users/saninabil/WebstormProjects/sabron-trip-sync/node_modules/puppeteer-core/src/cdp/LifecycleWatcher.ts:148:42)\n    at CdpFrame.goto (file:///Users/saninabil/WebstormProjects/sabron-trip-sync/node_modules/puppeteer-core/src/cdp/Frame.ts:160:21)\n    at CdpFrame.<anonymous> (file:///Users/saninabil/WebstormProjects/sabron-trip-sync/node_modules/puppeteer-core/src/util/decorators.ts:63:21)\n    at CdpPage.goto (file:///Users/saninabil/WebstormProjects/sabron-trip-sync/node_modules/puppeteer-core/src/api/Page.ts:1731:35)\n    at /Users/saninabil/WebstormProjects/sabron-trip-sync/apps/web/src/test/puppeteer/tests/basic.test.ts:69:16\n    at file:///Users/saninabil/WebstormProjects/sabron-trip-sync/node_modules/@vitest/runner/dist/index.js:146:14\n    at file:///Users/saninabil/WebstormProjects/sabron-trip-sync/node_modules/@vitest/runner/dist/index.js:533:11\n    at runWithTimeout (file:///Users/saninabil/WebstormProjects/sabron-trip-sync/node_modules/@vitest/runner/dist/index.js:39:7)"],"meta":{}},{"ancestorTitles":["Basic Puppeteer Test"],"fullName":"Basic Puppeteer Test should be responsive","status":"failed","title":"should be responsive","duration":30108.92079199999,"failureMessages":["TimeoutError: Navigation timeout of 30000 ms exceeded\n    at new Deferred (file:///Users/saninabil/WebstormProjects/sabron-trip-sync/node_modules/puppeteer-core/src/util/Deferred.ts:74:28)\n    at Function.create (file:///Users/saninabil/WebstormProjects/sabron-trip-sync/node_modules/puppeteer-core/src/util/Deferred.ts:29:12)\n    at new LifecycleWatcher (file:///Users/saninabil/WebstormProjects/sabron-trip-sync/node_modules/puppeteer-core/src/cdp/LifecycleWatcher.ts:148:42)\n    at CdpFrame.goto (file:///Users/saninabil/WebstormProjects/sabron-trip-sync/node_modules/puppeteer-core/src/cdp/Frame.ts:160:21)\n    at CdpFrame.<anonymous> (file:///Users/saninabil/WebstormProjects/sabron-trip-sync/node_modules/puppeteer-core/src/util/decorators.ts:63:21)\n    at CdpPage.goto (file:///Users/saninabil/WebstormProjects/sabron-trip-sync/node_modules/puppeteer-core/src/api/Page.ts:1731:35)\n    at /Users/saninabil/WebstormProjects/sabron-trip-sync/apps/web/src/test/puppeteer/tests/basic.test.ts:93:18\n    at file:///Users/saninabil/WebstormProjects/sabron-trip-sync/node_modules/@vitest/runner/dist/index.js:533:5\n    at runTest (file:///Users/saninabil/WebstormProjects/sabron-trip-sync/node_modules/@vitest/runner/dist/index.js:1056:11)\n    at runSuite (file:///Users/saninabil/WebstormProjects/sabron-trip-sync/node_modules/@vitest/runner/dist/index.js:1205:15)"],"meta":{}}],"startTime":1752430454022,"endTime":1752430550574.921,"status":"failed","message":"","name":"/Users/saninabil/WebstormProjects/sabron-trip-sync/apps/web/src/test/puppeteer/tests/basic.test.ts"},{"assertionResults":[{"ancestorTitles":["Dashboard E2E Tests"],"fullName":"Dashboard E2E Tests should load dashboard page","status":"failed","title":"should load dashboard page","duration":3201.415375,"failureMessages":["Error: ENOENT: no such file or directory, open 'screenshots/dashboard-initial-2025-07-13T18-14-16-910Z.png'\n    at open (node:internal/fs/promises:639:25)\n    at Object.writeFile (node:internal/fs/promises:1213:14)\n    at CdpPage._maybeWriteTypedArrayToFile (file:///Users/saninabil/WebstormProjects/sabron-trip-sync/node_modules/puppeteer-core/src/api/Page.ts:2387:5)\n    at CdpPage.screenshot (file:///Users/saninabil/WebstormProjects/sabron-trip-sync/node_modules/puppeteer-core/src/api/Page.ts:2686:5)\n    at CdpPage.<anonymous> (file:///Users/saninabil/WebstormProjects/sabron-trip-sync/node_modules/puppeteer-core/src/util/decorators.ts:139:14)\n    at Function.takeScreenshot (/Users/saninabil/WebstormProjects/sabron-trip-sync/apps/web/src/test/puppeteer/utils/test-helpers.ts:52:5)\n    at /Users/saninabil/WebstormProjects/sabron-trip-sync/apps/web/src/test/puppeteer/tests/dashboard.test.ts:53:5\n    at file:///Users/saninabil/WebstormProjects/sabron-trip-sync/node_modules/@vitest/runner/dist/index.js:533:5\n    at runTest (file:///Users/saninabil/WebstormProjects/sabron-trip-sync/node_modules/@vitest/runner/dist/index.js:1056:11)\n    at runSuite (file:///Users/saninabil/WebstormProjects/sabron-trip-sync/node_modules/@vitest/runner/dist/index.js:1205:15)"],"meta":{}},{"ancestorTitles":["Dashboard E2E Tests"],"fullName":"Dashboard E2E Tests should display user navigation menu","status":"passed","title":"should display user navigation menu","duration":3102.0234579999997,"failureMessages":[],"meta":{}},{"ancestorTitles":["Dashboard E2E Tests"],"fullName":"Dashboard E2E Tests should display trip cards or empty state","status":"failed","title":"should display trip cards or empty state","duration":809.8369999999995,"failureMessages":["TypeError: page.waitForTimeout is not a function\n    at /Users/saninabil/WebstormProjects/sabron-trip-sync/apps/web/src/test/puppeteer/tests/dashboard.test.ts:84:16\n    at file:///Users/saninabil/WebstormProjects/sabron-trip-sync/node_modules/@vitest/runner/dist/index.js:533:5\n    at runTest (file:///Users/saninabil/WebstormProjects/sabron-trip-sync/node_modules/@vitest/runner/dist/index.js:1056:11)\n    at runSuite (file:///Users/saninabil/WebstormProjects/sabron-trip-sync/node_modules/@vitest/runner/dist/index.js:1205:15)\n    at runSuite (file:///Users/saninabil/WebstormProjects/sabron-trip-sync/node_modules/@vitest/runner/dist/index.js:1205:15)\n    at runFiles (file:///Users/saninabil/WebstormProjects/sabron-trip-sync/node_modules/@vitest/runner/dist/index.js:1262:5)\n    at startTests (file:///Users/saninabil/WebstormProjects/sabron-trip-sync/node_modules/@vitest/runner/dist/index.js:1271:3)\n    at file:///Users/saninabil/WebstormProjects/sabron-trip-sync/node_modules/vitest/dist/chunks/runBaseTests.3qpJUEJM.js:126:11\n    at withEnv (file:///Users/saninabil/WebstormProjects/sabron-trip-sync/node_modules/vitest/dist/chunks/runBaseTests.3qpJUEJM.js:90:5)\n    at run (file:///Users/saninabil/WebstormProjects/sabron-trip-sync/node_modules/vitest/dist/chunks/runBaseTests.3qpJUEJM.js:112:3)"],"meta":{}},{"ancestorTitles":["Dashboard E2E Tests"],"fullName":"Dashboard E2E Tests should have create trip functionality","status":"failed","title":"should have create trip functionality","duration":663.625,"failureMessages":["DOMException: SyntaxError: Failed to execute 'querySelector' on 'Document': 'button:contains(\"Create\")' is not a valid selector.\n    at evaluateHandle (evaluateHandle at CSSQueryHandler.queryOne (file:///Users/saninabil/WebstormProjects/sabron-trip-sync/node_modules/puppeteer-core/lib/esm/puppeteer/common/QueryHandler.js:134:73), <anonymous>:1:15)\n    at ExecutionContext.#evaluate (file:///Users/saninabil/WebstormProjects/sabron-trip-sync/node_modules/puppeteer-core/src/cdp/ExecutionContext.ts:452:13)\n    at ExecutionContext.evaluateHandle (file:///Users/saninabil/WebstormProjects/sabron-trip-sync/node_modules/puppeteer-core/src/cdp/ExecutionContext.ts:350:12)\n    at IsolatedWorld.evaluateHandle (file:///Users/saninabil/WebstormProjects/sabron-trip-sync/node_modules/puppeteer-core/src/cdp/IsolatedWorld.ts:175:12)\n    at CdpJSHandle.evaluateHandle (file:///Users/saninabil/WebstormProjects/sabron-trip-sync/node_modules/puppeteer-core/src/api/JSHandle.ts:94:12)\n    at CdpElementHandle.evaluateHandle (file:///Users/saninabil/WebstormProjects/sabron-trip-sync/node_modules/puppeteer-core/src/api/ElementHandle.ts:305:12)\n    at Function.queryOne (file:///Users/saninabil/WebstormProjects/sabron-trip-sync/node_modules/puppeteer-core/src/common/QueryHandler.ts:127:20)\n    at CdpElementHandle.$ (file:///Users/saninabil/WebstormProjects/sabron-trip-sync/node_modules/puppeteer-core/src/api/ElementHandle.ts:378:13)\n    at CdpElementHandle.<anonymous> (file:///Users/saninabil/WebstormProjects/sabron-trip-sync/node_modules/puppeteer-core/src/api/ElementHandle.ts:139:20)\n    at CdpFrame.$ (file:///Users/saninabil/WebstormProjects/sabron-trip-sync/node_modules/puppeteer-core/src/api/Frame.ts:564:12)"],"meta":{}},{"ancestorTitles":["Dashboard E2E Tests"],"fullName":"Dashboard E2E Tests should handle trip creation form","status":"failed","title":"should handle trip creation form","duration":1179.5025420000002,"failureMessages":["DOMException: SyntaxError: Failed to execute 'querySelector' on 'Document': '[data-testid*=\"create\"], button:contains(\"Create\"), .create-btn' is not a valid selector.\n    at evaluateHandle (evaluateHandle at CSSQueryHandler.queryOne (file:///Users/saninabil/WebstormProjects/sabron-trip-sync/node_modules/puppeteer-core/lib/esm/puppeteer/common/QueryHandler.js:134:73), <anonymous>:1:15)\n    at ExecutionContext.#evaluate (file:///Users/saninabil/WebstormProjects/sabron-trip-sync/node_modules/puppeteer-core/src/cdp/ExecutionContext.ts:452:13)\n    at ExecutionContext.evaluateHandle (file:///Users/saninabil/WebstormProjects/sabron-trip-sync/node_modules/puppeteer-core/src/cdp/ExecutionContext.ts:350:12)\n    at IsolatedWorld.evaluateHandle (file:///Users/saninabil/WebstormProjects/sabron-trip-sync/node_modules/puppeteer-core/src/cdp/IsolatedWorld.ts:175:12)\n    at CdpJSHandle.evaluateHandle (file:///Users/saninabil/WebstormProjects/sabron-trip-sync/node_modules/puppeteer-core/src/api/JSHandle.ts:94:12)\n    at CdpElementHandle.evaluateHandle (file:///Users/saninabil/WebstormProjects/sabron-trip-sync/node_modules/puppeteer-core/src/api/ElementHandle.ts:305:12)\n    at Function.queryOne (file:///Users/saninabil/WebstormProjects/sabron-trip-sync/node_modules/puppeteer-core/src/common/QueryHandler.ts:127:20)\n    at CdpElementHandle.$ (file:///Users/saninabil/WebstormProjects/sabron-trip-sync/node_modules/puppeteer-core/src/api/ElementHandle.ts:378:13)\n    at CdpElementHandle.<anonymous> (file:///Users/saninabil/WebstormProjects/sabron-trip-sync/node_modules/puppeteer-core/src/api/ElementHandle.ts:139:20)\n    at CdpFrame.$ (file:///Users/saninabil/WebstormProjects/sabron-trip-sync/node_modules/puppeteer-core/src/api/Frame.ts:564:12)"],"meta":{}},{"ancestorTitles":["Dashboard E2E Tests"],"fullName":"Dashboard E2E Tests should display recent activity","status":"passed","title":"should display recent activity","duration":836.9497919999994,"failureMessages":[],"meta":{}},{"ancestorTitles":["Dashboard E2E Tests"],"fullName":"Dashboard E2E Tests should handle search and filtering","status":"failed","title":"should handle search and filtering","duration":429.3121660000015,"failureMessages":["DOMException: SyntaxError: Failed to execute 'querySelectorAll' on 'Document': 'button:contains(\"Filter\"), .filter-btn, [data-testid*=\"filter\"]' is not a valid selector.\n    at evaluateHandle (evaluateHandle at CSSQueryHandler.queryAll (file:///Users/saninabil/WebstormProjects/sabron-trip-sync/node_modules/puppeteer-core/lib/esm/puppeteer/common/QueryHandler.js:113:73), <anonymous>:1:15)\n    at ExecutionContext.#evaluate (file:///Users/saninabil/WebstormProjects/sabron-trip-sync/node_modules/puppeteer-core/src/cdp/ExecutionContext.ts:452:13)\n    at ExecutionContext.evaluateHandle (file:///Users/saninabil/WebstormProjects/sabron-trip-sync/node_modules/puppeteer-core/src/cdp/ExecutionContext.ts:350:12)\n    at IsolatedWorld.evaluateHandle (file:///Users/saninabil/WebstormProjects/sabron-trip-sync/node_modules/puppeteer-core/src/cdp/IsolatedWorld.ts:175:12)\n    at CdpJSHandle.evaluateHandle (file:///Users/saninabil/WebstormProjects/sabron-trip-sync/node_modules/puppeteer-core/src/api/JSHandle.ts:94:12)\n    at CdpElementHandle.evaluateHandle (file:///Users/saninabil/WebstormProjects/sabron-trip-sync/node_modules/puppeteer-core/src/api/ElementHandle.ts:305:12)\n    at Function.queryAll (file:///Users/saninabil/WebstormProjects/sabron-trip-sync/node_modules/puppeteer-core/src/common/QueryHandler.ts:108:20)\n    at Function.collect (file:///Users/saninabil/WebstormProjects/sabron-trip-sync/node_modules/puppeteer-core/src/util/AsyncIterableUtil.ts:32:22)\n    at CdpElementHandle.#$$impl (file:///Users/saninabil/WebstormProjects/sabron-trip-sync/node_modules/puppeteer-core/src/api/ElementHandle.ts:438:12)\n    at CdpElementHandle.#$$ (file:///Users/saninabil/WebstormProjects/sabron-trip-sync/node_modules/puppeteer-core/src/api/ElementHandle.ts:425:12)"],"meta":{}},{"ancestorTitles":["Dashboard E2E Tests"],"fullName":"Dashboard E2E Tests should handle pagination","status":"passed","title":"should handle pagination","duration":481.62774999999965,"failureMessages":[],"meta":{}},{"ancestorTitles":["Dashboard E2E Tests"],"fullName":"Dashboard E2E Tests should handle responsive layout","status":"failed","title":"should handle responsive layout","duration":356.9489999999987,"failureMessages":["TypeError: page.waitForTimeout is not a function\n    at /Users/saninabil/WebstormProjects/sabron-trip-sync/apps/web/src/test/puppeteer/tests/dashboard.test.ts:284:18\n    at file:///Users/saninabil/WebstormProjects/sabron-trip-sync/node_modules/@vitest/runner/dist/index.js:533:5\n    at runTest (file:///Users/saninabil/WebstormProjects/sabron-trip-sync/node_modules/@vitest/runner/dist/index.js:1056:11)\n    at runSuite (file:///Users/saninabil/WebstormProjects/sabron-trip-sync/node_modules/@vitest/runner/dist/index.js:1205:15)\n    at runSuite (file:///Users/saninabil/WebstormProjects/sabron-trip-sync/node_modules/@vitest/runner/dist/index.js:1205:15)\n    at runFiles (file:///Users/saninabil/WebstormProjects/sabron-trip-sync/node_modules/@vitest/runner/dist/index.js:1262:5)\n    at startTests (file:///Users/saninabil/WebstormProjects/sabron-trip-sync/node_modules/@vitest/runner/dist/index.js:1271:3)\n    at file:///Users/saninabil/WebstormProjects/sabron-trip-sync/node_modules/vitest/dist/chunks/runBaseTests.3qpJUEJM.js:126:11\n    at withEnv (file:///Users/saninabil/WebstormProjects/sabron-trip-sync/node_modules/vitest/dist/chunks/runBaseTests.3qpJUEJM.js:90:5)\n    at run (file:///Users/saninabil/WebstormProjects/sabron-trip-sync/node_modules/vitest/dist/chunks/runBaseTests.3qpJUEJM.js:112:3)"],"meta":{}},{"ancestorTitles":["Dashboard E2E Tests"],"fullName":"Dashboard E2E Tests should handle loading states","status":"failed","title":"should handle loading states","duration":30088.563917,"failureMessages":["TimeoutError: Navigation timeout of 30000 ms exceeded\n    at new Deferred (file:///Users/saninabil/WebstormProjects/sabron-trip-sync/node_modules/puppeteer-core/src/util/Deferred.ts:74:28)\n    at Function.create (file:///Users/saninabil/WebstormProjects/sabron-trip-sync/node_modules/puppeteer-core/src/util/Deferred.ts:29:12)\n    at new LifecycleWatcher (file:///Users/saninabil/WebstormProjects/sabron-trip-sync/node_modules/puppeteer-core/src/cdp/LifecycleWatcher.ts:148:42)\n    at CdpFrame.goto (file:///Users/saninabil/WebstormProjects/sabron-trip-sync/node_modules/puppeteer-core/src/cdp/Frame.ts:160:21)\n    at CdpFrame.<anonymous> (file:///Users/saninabil/WebstormProjects/sabron-trip-sync/node_modules/puppeteer-core/src/util/decorators.ts:63:21)\n    at CdpPage.goto (file:///Users/saninabil/WebstormProjects/sabron-trip-sync/node_modules/puppeteer-core/src/api/Page.ts:1731:35)\n    at /Users/saninabil/WebstormProjects/sabron-trip-sync/apps/web/src/test/puppeteer/tests/dashboard.test.ts:309:16\n    at file:///Users/saninabil/WebstormProjects/sabron-trip-sync/node_modules/@vitest/runner/dist/index.js:533:5\n    at runTest (file:///Users/saninabil/WebstormProjects/sabron-trip-sync/node_modules/@vitest/runner/dist/index.js:1056:11)\n    at runSuite (file:///Users/saninabil/WebstormProjects/sabron-trip-sync/node_modules/@vitest/runner/dist/index.js:1205:15)"],"meta":{}},{"ancestorTitles":["Dashboard E2E Tests"],"fullName":"Dashboard E2E Tests should handle error states gracefully","status":"failed","title":"should handle error states gracefully","duration":357.2936250000057,"failureMessages":["TypeError: page.waitForTimeout is not a function\n    at /Users/saninabil/WebstormProjects/sabron-trip-sync/apps/web/src/test/puppeteer/tests/dashboard.test.ts:344:16\n    at file:///Users/saninabil/WebstormProjects/sabron-trip-sync/node_modules/@vitest/runner/dist/index.js:533:5\n    at runTest (file:///Users/saninabil/WebstormProjects/sabron-trip-sync/node_modules/@vitest/runner/dist/index.js:1056:11)\n    at runSuite (file:///Users/saninabil/WebstormProjects/sabron-trip-sync/node_modules/@vitest/runner/dist/index.js:1205:15)\n    at runSuite (file:///Users/saninabil/WebstormProjects/sabron-trip-sync/node_modules/@vitest/runner/dist/index.js:1205:15)\n    at runFiles (file:///Users/saninabil/WebstormProjects/sabron-trip-sync/node_modules/@vitest/runner/dist/index.js:1262:5)\n    at startTests (file:///Users/saninabil/WebstormProjects/sabron-trip-sync/node_modules/@vitest/runner/dist/index.js:1271:3)\n    at file:///Users/saninabil/WebstormProjects/sabron-trip-sync/node_modules/vitest/dist/chunks/runBaseTests.3qpJUEJM.js:126:11\n    at withEnv (file:///Users/saninabil/WebstormProjects/sabron-trip-sync/node_modules/vitest/dist/chunks/runBaseTests.3qpJUEJM.js:90:5)\n    at run (file:///Users/saninabil/WebstormProjects/sabron-trip-sync/node_modules/vitest/dist/chunks/runBaseTests.3qpJUEJM.js:112:3)"],"meta":{}}],"startTime":1752430454028,"endTime":1752430495536.2937,"status":"failed","message":"","name":"/Users/saninabil/WebstormProjects/sabron-trip-sync/apps/web/src/test/puppeteer/tests/dashboard.test.ts"},{"assertionResults":[{"ancestorTitles":["Homepage E2E Tests"],"fullName":"Homepage E2E Tests should load homepage successfully","status":"failed","title":"should load homepage successfully","duration":30472.95875,"failureMessages":["TimeoutError: Navigation timeout of 30000 ms exceeded\n    at new Deferred (file:///Users/saninabil/WebstormProjects/sabron-trip-sync/node_modules/puppeteer-core/src/util/Deferred.ts:74:28)\n    at Function.create (file:///Users/saninabil/WebstormProjects/sabron-trip-sync/node_modules/puppeteer-core/src/util/Deferred.ts:29:12)\n    at new LifecycleWatcher (file:///Users/saninabil/WebstormProjects/sabron-trip-sync/node_modules/puppeteer-core/src/cdp/LifecycleWatcher.ts:148:42)\n    at CdpFrame.goto (file:///Users/saninabil/WebstormProjects/sabron-trip-sync/node_modules/puppeteer-core/src/cdp/Frame.ts:160:21)\n    at CdpFrame.<anonymous> (file:///Users/saninabil/WebstormProjects/sabron-trip-sync/node_modules/puppeteer-core/src/util/decorators.ts:63:21)\n    at CdpPage.goto (file:///Users/saninabil/WebstormProjects/sabron-trip-sync/node_modules/puppeteer-core/src/api/Page.ts:1731:35)\n    at /Users/saninabil/WebstormProjects/sabron-trip-sync/apps/web/src/test/puppeteer/tests/homepage.test.ts:34:16\n    at file:///Users/saninabil/WebstormProjects/sabron-trip-sync/node_modules/@vitest/runner/dist/index.js:146:14\n    at file:///Users/saninabil/WebstormProjects/sabron-trip-sync/node_modules/@vitest/runner/dist/index.js:533:11\n    at runWithTimeout (file:///Users/saninabil/WebstormProjects/sabron-trip-sync/node_modules/@vitest/runner/dist/index.js:39:7)"],"meta":{}},{"ancestorTitles":["Homepage E2E Tests"],"fullName":"Homepage E2E Tests should have proper SEO meta tags","status":"passed","title":"should have proper SEO meta tags","duration":908.7384170000005,"failureMessages":[],"meta":{}},{"ancestorTitles":["Homepage E2E Tests"],"fullName":"Homepage E2E Tests should be responsive across different viewports","status":"failed","title":"should be responsive across different viewports","duration":478.71108300000196,"failureMessages":["TypeError: page.waitForTimeout is not a function\n    at /Users/saninabil/WebstormProjects/sabron-trip-sync/apps/web/src/test/puppeteer/tests/homepage.test.ts:74:18\n    at file:///Users/saninabil/WebstormProjects/sabron-trip-sync/node_modules/@vitest/runner/dist/index.js:533:5\n    at runTest (file:///Users/saninabil/WebstormProjects/sabron-trip-sync/node_modules/@vitest/runner/dist/index.js:1056:11)\n    at runSuite (file:///Users/saninabil/WebstormProjects/sabron-trip-sync/node_modules/@vitest/runner/dist/index.js:1205:15)\n    at runSuite (file:///Users/saninabil/WebstormProjects/sabron-trip-sync/node_modules/@vitest/runner/dist/index.js:1205:15)\n    at runFiles (file:///Users/saninabil/WebstormProjects/sabron-trip-sync/node_modules/@vitest/runner/dist/index.js:1262:5)\n    at startTests (file:///Users/saninabil/WebstormProjects/sabron-trip-sync/node_modules/@vitest/runner/dist/index.js:1271:3)\n    at file:///Users/saninabil/WebstormProjects/sabron-trip-sync/node_modules/vitest/dist/chunks/runBaseTests.3qpJUEJM.js:126:11\n    at withEnv (file:///Users/saninabil/WebstormProjects/sabron-trip-sync/node_modules/vitest/dist/chunks/runBaseTests.3qpJUEJM.js:90:5)\n    at run (file:///Users/saninabil/WebstormProjects/sabron-trip-sync/node_modules/vitest/dist/chunks/runBaseTests.3qpJUEJM.js:112:3)"],"meta":{}},{"ancestorTitles":["Homepage E2E Tests"],"fullName":"Homepage E2E Tests should have working navigation links","status":"failed","title":"should have working navigation links","duration":30755.881624999995,"failureMessages":["TimeoutError: Navigation timeout of 30000 ms exceeded\n    at new Deferred (file:///Users/saninabil/WebstormProjects/sabron-trip-sync/node_modules/puppeteer-core/src/util/Deferred.ts:74:28)\n    at Function.create (file:///Users/saninabil/WebstormProjects/sabron-trip-sync/node_modules/puppeteer-core/src/util/Deferred.ts:29:12)\n    at new LifecycleWatcher (file:///Users/saninabil/WebstormProjects/sabron-trip-sync/node_modules/puppeteer-core/src/cdp/LifecycleWatcher.ts:148:42)\n    at CdpFrame.waitForNavigation (file:///Users/saninabil/WebstormProjects/sabron-trip-sync/node_modules/puppeteer-core/src/cdp/Frame.ts:233:21)\n    at CdpFrame.<anonymous> (file:///Users/saninabil/WebstormProjects/sabron-trip-sync/node_modules/puppeteer-core/src/util/decorators.ts:63:21)\n    at CdpPage.waitForNavigation (file:///Users/saninabil/WebstormProjects/sabron-trip-sync/node_modules/puppeteer-core/src/api/Page.ts:1775:35)\n    at /Users/saninabil/WebstormProjects/sabron-trip-sync/apps/web/src/test/puppeteer/tests/homepage.test.ts:107:20\n    at file:///Users/saninabil/WebstormProjects/sabron-trip-sync/node_modules/@vitest/runner/dist/index.js:533:5\n    at runTest (file:///Users/saninabil/WebstormProjects/sabron-trip-sync/node_modules/@vitest/runner/dist/index.js:1056:11)\n    at runSuite (file:///Users/saninabil/WebstormProjects/sabron-trip-sync/node_modules/@vitest/runner/dist/index.js:1205:15)"],"meta":{}},{"ancestorTitles":["Homepage E2E Tests"],"fullName":"Homepage E2E Tests should load without JavaScript errors","status":"failed","title":"should load without JavaScript errors","duration":30140.15879200001,"failureMessages":["TimeoutError: Navigation timeout of 30000 ms exceeded\n    at new Deferred (file:///Users/saninabil/WebstormProjects/sabron-trip-sync/node_modules/puppeteer-core/src/util/Deferred.ts:74:28)\n    at Function.create (file:///Users/saninabil/WebstormProjects/sabron-trip-sync/node_modules/puppeteer-core/src/util/Deferred.ts:29:12)\n    at new LifecycleWatcher (file:///Users/saninabil/WebstormProjects/sabron-trip-sync/node_modules/puppeteer-core/src/cdp/LifecycleWatcher.ts:148:42)\n    at CdpFrame.goto (file:///Users/saninabil/WebstormProjects/sabron-trip-sync/node_modules/puppeteer-core/src/cdp/Frame.ts:160:21)\n    at CdpFrame.<anonymous> (file:///Users/saninabil/WebstormProjects/sabron-trip-sync/node_modules/puppeteer-core/src/util/decorators.ts:63:21)\n    at CdpPage.goto (file:///Users/saninabil/WebstormProjects/sabron-trip-sync/node_modules/puppeteer-core/src/api/Page.ts:1731:35)\n    at /Users/saninabil/WebstormProjects/sabron-trip-sync/apps/web/src/test/puppeteer/tests/homepage.test.ts:132:16\n    at file:///Users/saninabil/WebstormProjects/sabron-trip-sync/node_modules/@vitest/runner/dist/index.js:146:14\n    at file:///Users/saninabil/WebstormProjects/sabron-trip-sync/node_modules/@vitest/runner/dist/index.js:533:11\n    at runWithTimeout (file:///Users/saninabil/WebstormProjects/sabron-trip-sync/node_modules/@vitest/runner/dist/index.js:39:7)"],"meta":{}},{"ancestorTitles":["Homepage E2E Tests"],"fullName":"Homepage E2E Tests should meet basic accessibility standards","status":"passed","title":"should meet basic accessibility standards","duration":552.0273330000055,"failureMessages":[],"meta":{}},{"ancestorTitles":["Homepage E2E Tests"],"fullName":"Homepage E2E Tests should perform well under different network conditions","status":"failed","title":"should perform well under different network conditions","duration":1014.9267499999987,"failureMessages":["Error: Navigating frame was detached\n    at LifecycleWatcher.#onFrameDetached (file:///Users/saninabil/WebstormProjects/sabron-trip-sync/node_modules/puppeteer-core/src/cdp/LifecycleWatcher.ts:188:9)\n    at file:///Users/saninabil/WebstormProjects/sabron-trip-sync/node_modules/puppeteer-core/lib/esm/third_party/mitt/mitt.js:36:7\n    at Array.map (<anonymous>)\n    at Object.emit (file:///Users/saninabil/WebstormProjects/sabron-trip-sync/node_modules/puppeteer-core/lib/esm/third_party/mitt/mitt.js:35:20)\n    at CdpFrame.emit (file:///Users/saninabil/WebstormProjects/sabron-trip-sync/node_modules/puppeteer-core/src/common/EventEmitter.ts:135:19)\n    at FrameManager.#removeFramesRecursively (file:///Users/saninabil/WebstormProjects/sabron-trip-sync/node_modules/puppeteer-core/src/cdp/FrameManager.ts:575:11)\n    at FrameManager.#onClientDisconnect (file:///Users/saninabil/WebstormProjects/sabron-trip-sync/node_modules/puppeteer-core/src/cdp/FrameManager.ts:130:36)","ProtocolError: Protocol error (Target.closeTarget): No target with given id found\n    at Callback.<instance_members_initializer> (file:///Users/saninabil/WebstormProjects/sabron-trip-sync/node_modules/puppeteer-core/src/common/CallbackRegistry.ts:127:12)\n    at new Callback (file:///Users/saninabil/WebstormProjects/sabron-trip-sync/node_modules/puppeteer-core/src/common/CallbackRegistry.ts:132:3)\n    at CallbackRegistry.create (file:///Users/saninabil/WebstormProjects/sabron-trip-sync/node_modules/puppeteer-core/src/common/CallbackRegistry.ts:30:22)\n    at Connection._rawSend (file:///Users/saninabil/WebstormProjects/sabron-trip-sync/node_modules/puppeteer-core/src/cdp/Connection.ts:136:22)\n    at Connection.send (file:///Users/saninabil/WebstormProjects/sabron-trip-sync/node_modules/puppeteer-core/src/cdp/Connection.ts:120:17)\n    at CdpPage.close (file:///Users/saninabil/WebstormProjects/sabron-trip-sync/node_modules/puppeteer-core/src/cdp/Page.ts:1148:24)\n    at /Users/saninabil/WebstormProjects/sabron-trip-sync/apps/web/src/test/puppeteer/tests/homepage.test.ts:30:5\n    at callSuiteHook (file:///Users/saninabil/WebstormProjects/sabron-trip-sync/node_modules/@vitest/runner/dist/index.js:964:22)\n    at runTest (file:///Users/saninabil/WebstormProjects/sabron-trip-sync/node_modules/@vitest/runner/dist/index.js:1085:9)\n    at runSuite (file:///Users/saninabil/WebstormProjects/sabron-trip-sync/node_modules/@vitest/runner/dist/index.js:1205:15)"],"meta":{}},{"ancestorTitles":["Homepage E2E Tests"],"fullName":"Homepage E2E Tests should handle offline state gracefully","status":"passed","title":"should handle offline state gracefully","duration":455.8271670000104,"failureMessages":[],"meta":{}},{"ancestorTitles":["Homepage E2E Tests"],"fullName":"Homepage E2E Tests should display proper loading states","status":"passed","title":"should display proper loading states","duration":455.3294590000005,"failureMessages":[],"meta":{}},{"ancestorTitles":["Homepage E2E Tests"],"fullName":"Homepage E2E Tests should work with keyboard navigation","status":"passed","title":"should work with keyboard navigation","duration":523.838917000001,"failureMessages":[],"meta":{}}],"startTime":1752430454021,"endTime":1752430549779.8389,"status":"failed","message":"","name":"/Users/saninabil/WebstormProjects/sabron-trip-sync/apps/web/src/test/puppeteer/tests/homepage.test.ts"},{"assertionResults":[{"ancestorTitles":["Puppeteer Setup Test"],"fullName":"Puppeteer Setup Test should launch browser successfully","status":"passed","title":"should launch browser successfully","duration":449.5189169999999,"failureMessages":[],"meta":{}},{"ancestorTitles":["Puppeteer Setup Test"],"fullName":"Puppeteer Setup Test should navigate to example.com","status":"passed","title":"should navigate to example.com","duration":897.251209,"failureMessages":[],"meta":{}},{"ancestorTitles":["Puppeteer Setup Test"],"fullName":"Puppeteer Setup Test should handle different viewport sizes","status":"passed","title":"should handle different viewport sizes","duration":5012.710083,"failureMessages":[],"meta":{}},{"ancestorTitles":["Puppeteer Setup Test"],"fullName":"Puppeteer Setup Test should capture screenshot","status":"passed","title":"should capture screenshot","duration":796.9347079999989,"failureMessages":[],"meta":{}},{"ancestorTitles":["Puppeteer Setup Test"],"fullName":"Puppeteer Setup Test should evaluate JavaScript","status":"passed","title":"should evaluate JavaScript","duration":2186.916707999999,"failureMessages":[],"meta":{}},{"ancestorTitles":["Puppeteer Setup Test"],"fullName":"Puppeteer Setup Test should handle network requests","status":"passed","title":"should handle network requests","duration":691.3509589999994,"failureMessages":[],"meta":{}}],"startTime":1752430454030,"endTime":1752430464064.351,"status":"passed","message":"","name":"/Users/saninabil/WebstormProjects/sabron-trip-sync/apps/web/src/test/puppeteer/tests/puppeteer-setup.test.ts"}]}